\BOOKMARK [1][-]{section.1}{General Syntax}{}% 1
\BOOKMARK [2][-]{subsection.1.1}{Number Format}{section.1}% 2
\BOOKMARK [2][-]{subsection.1.2}{Range Specification}{section.1}% 3
\BOOKMARK [2][-]{subsection.1.3}{Units}{section.1}% 4
\BOOKMARK [2][-]{subsection.1.4}{Strings}{section.1}% 5
\BOOKMARK [2][-]{subsection.1.5}{White Spaces \(blanks in expressions\)}{section.1}% 6
\BOOKMARK [1][-]{section.2}{Time Selection}{}% 7
\BOOKMARK [2][-]{subsection.2.1}{Syntax}{section.2}% 8
\BOOKMARK [1][-]{section.3}{Antenna/Baseline Selection}{}% 9
\BOOKMARK [2][-]{subsection.3.1}{Syntax}{section.3}% 10
\BOOKMARK [3][-]{subsubsection.3.1.1}{Antenna Specification}{subsection.3.1}% 11
\BOOKMARK [3][-]{subsubsection.3.1.2}{Antenna@Station Specification}{subsection.3.1}% 12
\BOOKMARK [3][-]{subsubsection.3.1.3}{Baseline Specification}{subsection.3.1}% 13
\BOOKMARK [3][-]{subsubsection.3.1.4}{Baseline Negation Operator}{subsection.3.1}% 14
\BOOKMARK [3][-]{subsubsection.3.1.5}{Baseline negation and Regular Expression negation}{subsection.3.1}% 15
\BOOKMARK [3][-]{subsubsection.3.1.6}{Examples}{subsection.3.1}% 16
\BOOKMARK [2][-]{subsection.3.2}{Integers-as-names VLA Naming Convention}{section.3}% 17
\BOOKMARK [1][-]{section.4}{Field Selection}{}% 18
\BOOKMARK [2][-]{subsection.4.1}{Syntax}{section.4}% 19
\BOOKMARK [1][-]{section.5}{UV Distance Selection}{}% 20
\BOOKMARK [2][-]{subsection.5.1}{Syntax}{section.5}% 21
\BOOKMARK [1][-]{section.6}{Frequency Selection}{}% 22
\BOOKMARK [2][-]{subsection.6.1}{Spectral Window Specification Syntax}{section.6}% 23
\BOOKMARK [3][-]{subsubsection.6.1.1}{Selection by ID}{subsection.6.1}% 24
\BOOKMARK [3][-]{subsubsection.6.1.2}{Selection By Name}{subsection.6.1}% 25
\BOOKMARK [3][-]{subsubsection.6.1.3}{Selection By Frequency}{subsection.6.1}% 26
\BOOKMARK [2][-]{subsection.6.2}{Channel Specification Syntax}{section.6}% 27
\BOOKMARK [2][-]{subsection.6.3}{ Frequency Selection Syntax}{section.6}% 28
\BOOKMARK [3][-]{subsubsection.6.3.1}{Notes}{subsection.6.3}% 29
\BOOKMARK [1][-]{section.7}{Polarization Selection}{}% 30
\BOOKMARK [1][-]{section.8}{"Scan intent'' Based Selection}{}% 31
\BOOKMARK [2][-]{subsection.8.1}{Syntax}{section.8}% 32
\BOOKMARK [2][-]{subsection.8.2}{Examples}{section.8}% 33
\BOOKMARK [1][-]{section.9}{Scan/Sub-array Selection}{}% 34
\BOOKMARK [2][-]{subsection.9.1}{Syntax}{section.9}% 35
\BOOKMARK [1][-]{section.10}{Using MSSelection expressions in TaQL}{}% 36
\BOOKMARK [1][-]{appendix.A}{Appendix: API Note - General Error Handling}{}% 37
\BOOKMARK [2][-]{subsection.A.1}{Installing Error Handlers}{appendix.A}% 38
\BOOKMARK [1][-]{appendix.B}{Appendix: API Note - Using the MSSelection module for other MS-like Tables}{}% 39
\BOOKMARK [2][-]{subsection.B.1}{Using MSSelection for CalTables}{appendix.B}% 40
\BOOKMARK [1][-]{appendix.C}{Appendix: Usage Examples}{}% 41
\BOOKMARK [2][-]{subsection.C.1}{Example 1}{appendix.C}% 42
\BOOKMARK [2][-]{subsection.C.2}{Example 2}{appendix.C}% 43
\BOOKMARK [2][-]{subsection.C.3}{Example 3}{appendix.C}% 44
\BOOKMARK [2][-]{subsection.C.4}{Example 4}{appendix.C}% 45
\BOOKMARK [2][-]{subsection.C.5}{Example 5}{appendix.C}% 46
\BOOKMARK [2][-]{subsection.C.6}{Example 6}{appendix.C}% 47
\BOOKMARK [2][-]{subsection.C.7}{Example 7}{appendix.C}% 48
\BOOKMARK [2][-]{subsection.C.8}{Example 8}{appendix.C}% 49
\BOOKMARK [2][-]{subsection.C.9}{Example 9}{appendix.C}% 50
