This is pdfTeX, Version 3.14159265-2.6-1.40.15 (TeX Live 2014) (preloaded format=pdflatex 2014.10.31)  24 JUL 2015 16:36
entering extended mode
 restricted \write18 enabled.
 %&-line parsing enabled.
**msselection.latex
(./msselection.latex
LaTeX2e <2014/05/01>
Babel <3.9k> and hyphenation patterns for 78 languages loaded.

(/home/local/Linux/rhel6/x86_64/stow/texlive2014-20140525/texlive/2014/texmf-di
st/tex/latex/base/article.cls
Document Class: article 2007/10/19 v1.4h Standard LaTeX document class

(/home/local/Linux/rhel6/x86_64/stow/texlive2014-20140525/texlive/2014/texmf-di
st/tex/latex/base/size12.clo
File: size12.clo 2007/10/19 v1.4h Standard LaTeX file (size option)
)
\c@part=\count79
\c@section=\count80
\c@subsection=\count81
\c@subsubsection=\count82
\c@paragraph=\count83
\c@subparagraph=\count84
\c@figure=\count85
\c@table=\count86
\abovecaptionskip=\skip41
\belowcaptionskip=\skip42
\bibindent=\dimen102
)
(/home/local/Linux/rhel6/x86_64/stow/texlive2014-20140525/texlive/2014/texmf-di
st/tex/generic/epsf/epsf.sty
This is `epsf.tex' v2.7.4 <14 February 2011>
\epsffilein=\read1
\epsfframemargin=\dimen103
\epsfframethickness=\dimen104
\epsfrsize=\dimen105
\epsftmp=\dimen106
\epsftsize=\dimen107
\epsfxsize=\dimen108
\epsfysize=\dimen109
\pspoints=\dimen110
)
(/home/local/Linux/rhel6/x86_64/stow/texlive2014-20140525/texlive/2014/texmf-di
st/tex/latex/amsmath/amsmath.sty
Package: amsmath 2013/01/14 v2.14 AMS math features
\@mathmargin=\skip43

For additional information on amsmath, use the `?' option.

(/home/local/Linux/rhel6/x86_64/stow/texlive2014-20140525/texlive/2014/texmf-di
st/tex/latex/amsmath/amstext.sty
Package: amstext 2000/06/29 v2.01

(/home/local/Linux/rhel6/x86_64/stow/texlive2014-20140525/texlive/2014/texmf-di
st/tex/latex/amsmath/amsgen.sty
File: amsgen.sty 1999/11/30 v2.0
\@emptytoks=\toks14
\ex@=\dimen111
))
(/home/local/Linux/rhel6/x86_64/stow/texlive2014-20140525/texlive/2014/texmf-di
st/tex/latex/amsmath/amsbsy.sty
Package: amsbsy 1999/11/29 v1.2d
\pmbraise@=\dimen112
)
(/home/local/Linux/rhel6/x86_64/stow/texlive2014-20140525/texlive/2014/texmf-di
st/tex/latex/amsmath/amsopn.sty
Package: amsopn 1999/12/14 v2.01 operator names
)
\inf@bad=\count87
LaTeX Info: Redefining \frac on input line 210.
\uproot@=\count88
\leftroot@=\count89
LaTeX Info: Redefining \overline on input line 306.
\classnum@=\count90
\DOTSCASE@=\count91
LaTeX Info: Redefining \ldots on input line 378.
LaTeX Info: Redefining \dots on input line 381.
LaTeX Info: Redefining \cdots on input line 466.
\Mathstrutbox@=\box26
\strutbox@=\box27
\big@size=\dimen113
LaTeX Font Info:    Redeclaring font encoding OML on input line 566.
LaTeX Font Info:    Redeclaring font encoding OMS on input line 567.
\macc@depth=\count92
\c@MaxMatrixCols=\count93
\dotsspace@=\muskip10
\c@parentequation=\count94
\dspbrk@lvl=\count95
\tag@help=\toks15
\row@=\count96
\column@=\count97
\maxfields@=\count98
\andhelp@=\toks16
\eqnshift@=\dimen114
\alignsep@=\dimen115
\tagshift@=\dimen116
\tagwidth@=\dimen117
\totwidth@=\dimen118
\lineht@=\dimen119
\@envbody=\toks17
\multlinegap=\skip44
\multlinetaggap=\skip45
\mathdisplay@stack=\toks18
LaTeX Info: Redefining \[ on input line 2665.
LaTeX Info: Redefining \] on input line 2666.
)
(/home/local/Linux/rhel6/x86_64/stow/texlive2014-20140525/texlive/2014/texmf-di
st/tex/latex/graphics/graphicx.sty
Package: graphicx 2014/04/25 v1.0g Enhanced LaTeX Graphics (DPC,SPQR)

(/home/local/Linux/rhel6/x86_64/stow/texlive2014-20140525/texlive/2014/texmf-di
st/tex/latex/graphics/keyval.sty
Package: keyval 2014/05/08 v1.15 key=value parser (DPC)
\KV@toks@=\toks19
)
(/home/local/Linux/rhel6/x86_64/stow/texlive2014-20140525/texlive/2014/texmf-di
st/tex/latex/graphics/graphics.sty
Package: graphics 2009/02/05 v1.0o Standard LaTeX Graphics (DPC,SPQR)

(/home/local/Linux/rhel6/x86_64/stow/texlive2014-20140525/texlive/2014/texmf-di
st/tex/latex/graphics/trig.sty
Package: trig 1999/03/16 v1.09 sin cos tan (DPC)
)
(/home/local/Linux/rhel6/x86_64/stow/texlive2014-20140525/texlive/2014/texmf-di
st/tex/latex/latexconfig/graphics.cfg
File: graphics.cfg 2010/04/23 v1.9 graphics configuration of TeX Live
)
Package graphics Info: Driver file: dvips.def on input line 91.

(/home/local/Linux/rhel6/x86_64/stow/texlive2014-20140525/texlive/2014/texmf-di
st/tex/latex/graphics/dvips.def
File: dvips.def 2014/04/23 v3.0j Driver-dependant file (DPC,SPQR)
))
\Gin@req@height=\dimen120
\Gin@req@width=\dimen121
)
(/home/local/Linux/rhel6/x86_64/stow/texlive2014-20140525/texlive/2014/texmf-di
st/tex/latex/graphics/color.sty
Package: color 2014/04/23 v1.1a Standard LaTeX Color (DPC)

(/home/local/Linux/rhel6/x86_64/stow/texlive2014-20140525/texlive/2014/texmf-di
st/tex/latex/latexconfig/color.cfg
File: color.cfg 2007/01/18 v1.5 color configuration of teTeX/TeXLive
)
Package color Info: Driver file: dvips.def on input line 137.

(/home/local/Linux/rhel6/x86_64/stow/texlive2014-20140525/texlive/2014/texmf-di
st/tex/latex/graphics/dvipsnam.def
File: dvipsnam.def 2014/04/23 v3.0j Driver-dependant file (DPC,SPQR)
))
(/home/local/Linux/rhel6/x86_64/stow/texlive2014-20140525/texlive/2014/texmf-di
st/tex/latex/psnfss/palatino.sty
Package: palatino 2005/04/12 PSNFSS-v9.2a (SPQR) 
)
(/home/local/Linux/rhel6/x86_64/stow/texlive2014-20140525/texlive/2014/texmf-di
st/tex/latex/natbib/natbib.sty
Package: natbib 2010/09/13 8.31b (PWD, AO)
\bibhang=\skip46
\bibsep=\skip47
LaTeX Info: Redefining \cite on input line 694.
\c@NAT@ctr=\count99
)
(/home/local/Linux/rhel6/x86_64/stow/texlive2014-20140525/texlive/2014/texmf-di
st/tex/latex/marvosym/marvosym.sty
Package: marvosym 2011/07/20 v2.2 Martin Vogel's Symbols font definitions
)
(/home/local/Linux/rhel6/x86_64/stow/texlive2014-20140525/texlive/2014/texmf-di
st/tex/latex/xcolor/xcolor.sty
Package: xcolor 2007/01/21 v2.11 LaTeX color extensions (UK)

(/home/local/Linux/rhel6/x86_64/stow/texlive2014-20140525/texlive/2014/texmf-di
st/tex/latex/latexconfig/color.cfg
File: color.cfg 2007/01/18 v1.5 color configuration of teTeX/TeXLive
)
Package xcolor Info: Driver file: pdftex.def on input line 225.

(/home/local/Linux/rhel6/x86_64/stow/texlive2014-20140525/texlive/2014/texmf-di
st/tex/latex/pdftex-def/pdftex.def
File: pdftex.def 2011/05/27 v0.06d Graphics/color for pdfTeX

(/home/local/Linux/rhel6/x86_64/stow/texlive2014-20140525/texlive/2014/texmf-di
st/tex/generic/oberdiek/infwarerr.sty
Package: infwarerr 2010/04/08 v1.3 Providing info/warning/error messages (HO)
)
(/home/local/Linux/rhel6/x86_64/stow/texlive2014-20140525/texlive/2014/texmf-di
st/tex/generic/oberdiek/ltxcmds.sty
Package: ltxcmds 2011/11/09 v1.22 LaTeX kernel commands for general use (HO)
)
\Gread@gobject=\count100
)
LaTeX Info: Redefining \color on input line 702.
Package xcolor Info: Model `cmy' substituted by `cmy0' on input line 1337.
Package xcolor Info: Model `RGB' extended on input line 1353.
Package xcolor Info: Model `HTML' substituted by `rgb' on input line 1355.
Package xcolor Info: Model `Hsb' substituted by `hsb' on input line 1356.
Package xcolor Info: Model `tHsb' substituted by `hsb' on input line 1357.
Package xcolor Info: Model `HSB' substituted by `hsb' on input line 1358.
Package xcolor Info: Model `Gray' substituted by `gray' on input line 1359.
Package xcolor Info: Model `wave' substituted by `hsb' on input line 1360.
)
(/home/local/Linux/rhel6/x86_64/stow/texlive2014-20140525/texlive/2014/texmf-di
st/tex/latex/listings/listings.sty
\lst@mode=\count101
\lst@gtempboxa=\box28
\lst@token=\toks20
\lst@length=\count102
\lst@currlwidth=\dimen122
\lst@column=\count103
\lst@pos=\count104
\lst@lostspace=\dimen123
\lst@width=\dimen124
\lst@newlines=\count105
\lst@lineno=\count106
\lst@maxwidth=\dimen125

(/home/local/Linux/rhel6/x86_64/stow/texlive2014-20140525/texlive/2014/texmf-di
st/tex/latex/listings/lstmisc.sty
File: lstmisc.sty 2014/03/04 1.5c (Carsten Heinz)
\c@lstnumber=\count107
\lst@skipnumbers=\count108
\lst@framebox=\box29
)
(/home/local/Linux/rhel6/x86_64/stow/texlive2014-20140525/texlive/2014/texmf-di
st/tex/latex/listings/listings.cfg
File: listings.cfg 2014/03/04 1.5c listings configuration
))
Package: listings 2014/03/04 1.5c (Carsten Heinz)

(/home/local/Linux/rhel6/x86_64/stow/texlive2014-20140525/texlive/2014/texmf-di
st/tex/latex/hyperref/hyperref.sty
Package: hyperref 2012/11/06 v6.83m Hypertext links for LaTeX

(/home/local/Linux/rhel6/x86_64/stow/texlive2014-20140525/texlive/2014/texmf-di
st/tex/generic/oberdiek/hobsub-hyperref.sty
Package: hobsub-hyperref 2012/05/28 v1.13 Bundle oberdiek, subset hyperref (HO)


(/home/local/Linux/rhel6/x86_64/stow/texlive2014-20140525/texlive/2014/texmf-di
st/tex/generic/oberdiek/hobsub-generic.sty
Package: hobsub-generic 2012/05/28 v1.13 Bundle oberdiek, subset generic (HO)
Package: hobsub 2012/05/28 v1.13 Construct package bundles (HO)
Package hobsub Info: Skipping package `infwarerr' (already loaded).
Package hobsub Info: Skipping package `ltxcmds' (already loaded).
Package: ifluatex 2010/03/01 v1.3 Provides the ifluatex switch (HO)
Package ifluatex Info: LuaTeX not detected.
Package: ifvtex 2010/03/01 v1.5 Detect VTeX and its facilities (HO)
Package ifvtex Info: VTeX not detected.
Package: intcalc 2007/09/27 v1.1 Expandable calculations with integers (HO)
Package: ifpdf 2011/01/30 v2.3 Provides the ifpdf switch (HO)
Package ifpdf Info: pdfTeX in PDF mode is detected.
Package: etexcmds 2011/02/16 v1.5 Avoid name clashes with e-TeX commands (HO)
Package etexcmds Info: Could not find \expanded.
(etexcmds)             That can mean that you are not using pdfTeX 1.50 or
(etexcmds)             that some package has redefined \expanded.
(etexcmds)             In the latter case, load this package earlier.
Package: kvsetkeys 2012/04/25 v1.16 Key value parser (HO)
Package: kvdefinekeys 2011/04/07 v1.3 Define keys (HO)
Package: pdftexcmds 2011/11/29 v0.20 Utility functions of pdfTeX for LuaTeX (HO
)
Package pdftexcmds Info: LuaTeX not detected.
Package pdftexcmds Info: \pdf@primitive is available.
Package pdftexcmds Info: \pdf@ifprimitive is available.
Package pdftexcmds Info: \pdfdraftmode found.
Package: pdfescape 2011/11/25 v1.13 Implements pdfTeX's escape features (HO)
Package: bigintcalc 2012/04/08 v1.3 Expandable calculations on big integers (HO
)
Package: bitset 2011/01/30 v1.1 Handle bit-vector datatype (HO)
Package: uniquecounter 2011/01/30 v1.2 Provide unlimited unique counter (HO)
)
Package hobsub Info: Skipping package `hobsub' (already loaded).
Package: letltxmacro 2010/09/02 v1.4 Let assignment for LaTeX macros (HO)
Package: hopatch 2012/05/28 v1.2 Wrapper for package hooks (HO)
Package: xcolor-patch 2011/01/30 xcolor patch
Package: atveryend 2011/06/30 v1.8 Hooks at the very end of document (HO)
Package atveryend Info: \enddocument detected (standard20110627).
Package: atbegshi 2011/10/05 v1.16 At begin shipout hook (HO)
Package: refcount 2011/10/16 v3.4 Data extraction from label references (HO)
Package: hycolor 2011/01/30 v1.7 Color options for hyperref/bookmark (HO)
)
(/home/local/Linux/rhel6/x86_64/stow/texlive2014-20140525/texlive/2014/texmf-di
st/tex/generic/ifxetex/ifxetex.sty
Package: ifxetex 2010/09/12 v0.6 Provides ifxetex conditional
)
(/home/local/Linux/rhel6/x86_64/stow/texlive2014-20140525/texlive/2014/texmf-di
st/tex/latex/oberdiek/auxhook.sty
Package: auxhook 2011/03/04 v1.3 Hooks for auxiliary files (HO)
)
(/home/local/Linux/rhel6/x86_64/stow/texlive2014-20140525/texlive/2014/texmf-di
st/tex/latex/oberdiek/kvoptions.sty
Package: kvoptions 2011/06/30 v3.11 Key value format for package options (HO)
)
\@linkdim=\dimen126
\Hy@linkcounter=\count109
\Hy@pagecounter=\count110

(/home/local/Linux/rhel6/x86_64/stow/texlive2014-20140525/texlive/2014/texmf-di
st/tex/latex/hyperref/pd1enc.def
File: pd1enc.def 2012/11/06 v6.83m Hyperref: PDFDocEncoding definition (HO)
)
\Hy@SavedSpaceFactor=\count111

(/home/local/Linux/rhel6/x86_64/stow/texlive2014-20140525/texlive/2014/texmf-di
st/tex/latex/latexconfig/hyperref.cfg
File: hyperref.cfg 2002/06/06 v1.2 hyperref configuration of TeXLive
)
Package hyperref Info: Option `breaklinks' set `true' on input line 4319.
Package hyperref Info: Hyper figures OFF on input line 4443.
Package hyperref Info: Link nesting OFF on input line 4448.
Package hyperref Info: Hyper index ON on input line 4451.
Package hyperref Info: Plain pages OFF on input line 4458.
Package hyperref Info: Backreferencing OFF on input line 4463.
Package hyperref Info: Implicit mode ON; LaTeX internals redefined.
Package hyperref Info: Bookmarks ON on input line 4688.
\c@Hy@tempcnt=\count112

(/home/local/Linux/rhel6/x86_64/stow/texlive2014-20140525/texlive/2014/texmf-di
st/tex/latex/url/url.sty
\Urlmuskip=\muskip11
Package: url 2013/09/16  ver 3.4  Verb mode for urls, etc.
)
LaTeX Info: Redefining \url on input line 5041.
\XeTeXLinkMargin=\dimen127
\Fld@menulength=\count113
\Field@Width=\dimen128
\Fld@charsize=\dimen129
Package hyperref Info: Hyper figures OFF on input line 6295.
Package hyperref Info: Link nesting OFF on input line 6300.
Package hyperref Info: Hyper index ON on input line 6303.
Package hyperref Info: backreferencing OFF on input line 6310.
Package hyperref Info: Link coloring OFF on input line 6315.
Package hyperref Info: Link coloring with OCG OFF on input line 6320.
Package hyperref Info: PDF/A mode OFF on input line 6325.
LaTeX Info: Redefining \ref on input line 6365.
LaTeX Info: Redefining \pageref on input line 6369.
\Hy@abspage=\count114
\c@Item=\count115
\c@Hfootnote=\count116
)

Package hyperref Message: Driver (autodetected): hpdftex.


(/home/local/Linux/rhel6/x86_64/stow/texlive2014-20140525/texlive/2014/texmf-di
st/tex/latex/hyperref/hpdftex.def
File: hpdftex.def 2012/11/06 v6.83m Hyperref driver for pdfTeX
\Fld@listcount=\count117
\c@bookmark@seq@number=\count118

(/home/local/Linux/rhel6/x86_64/stow/texlive2014-20140525/texlive/2014/texmf-di
st/tex/latex/oberdiek/rerunfilecheck.sty
Package: rerunfilecheck 2011/04/15 v1.7 Rerun checks for auxiliary files (HO)
Package uniquecounter Info: New unique counter `rerunfilecheck' on input line 2
82.
)
\Hy@SectionHShift=\skip48
) (./msselection.aux)
\openout1 = `msselection.aux'.

LaTeX Font Info:    Checking defaults for OML/cmm/m/it on input line 49.
LaTeX Font Info:    ... okay on input line 49.
LaTeX Font Info:    Checking defaults for T1/cmr/m/n on input line 49.
LaTeX Font Info:    ... okay on input line 49.
LaTeX Font Info:    Checking defaults for OT1/cmr/m/n on input line 49.
LaTeX Font Info:    ... okay on input line 49.
LaTeX Font Info:    Checking defaults for OMS/cmsy/m/n on input line 49.
LaTeX Font Info:    ... okay on input line 49.
LaTeX Font Info:    Checking defaults for OMX/cmex/m/n on input line 49.
LaTeX Font Info:    ... okay on input line 49.
LaTeX Font Info:    Checking defaults for U/cmr/m/n on input line 49.
LaTeX Font Info:    ... okay on input line 49.
LaTeX Font Info:    Checking defaults for PD1/pdf/m/n on input line 49.
LaTeX Font Info:    ... okay on input line 49.
LaTeX Font Info:    Try loading font information for OT1+phv on input line 49.

(/home/local/Linux/rhel6/x86_64/stow/texlive2014-20140525/texlive/2014/texmf-di
st/tex/latex/psnfss/ot1phv.fd
File: ot1phv.fd 2001/06/04 scalable font definitions for OT1/phv.
)
(/home/local/Linux/rhel6/x86_64/stow/texlive2014-20140525/texlive/2014/texmf-di
st/tex/latex/oberdiek/epstopdf-base.sty
Package: epstopdf-base 2010/02/09 v2.5 Base part for package epstopdf

(/home/local/Linux/rhel6/x86_64/stow/texlive2014-20140525/texlive/2014/texmf-di
st/tex/latex/oberdiek/grfext.sty
Package: grfext 2010/08/19 v1.1 Manage graphics extensions (HO)
)
Package epstopdf-base Info: Redefining graphics rule for `.eps' on input line 4
34.
Package grfext Info: Graphics extension search list:
(grfext)             [.png,.pdf,.jpg,.mps,.jpeg,.jbig2,.jb2,.PNG,.PDF,.JPG,.JPE
G,.JBIG2,.JB2,.eps]
(grfext)             \AppendGraphicsExtensions on input line 452.

(/home/local/Linux/rhel6/x86_64/stow/texlive2014-20140525/texlive/2014/texmf-di
st/tex/latex/latexconfig/epstopdf-sys.cfg
File: epstopdf-sys.cfg 2010/07/13 v1.3 Configuration of (r)epstopdf for TeX Liv
e
))
(/home/local/Linux/rhel6/x86_64/stow/texlive2014-20140525/texlive/2014/texmf-di
st/tex/context/base/supp-pdf.mkii
[Loading MPS to PDF converter (version 2006.09.02).]
\scratchcounter=\count119
\scratchdimen=\dimen130
\scratchbox=\box30
\nofMPsegments=\count120
\nofMParguments=\count121
\everyMPshowfont=\toks21
\MPscratchCnt=\count122
\MPscratchDim=\dimen131
\MPnumerator=\count123
\makeMPintoPDFobject=\count124
\everyMPtoPDFconversion=\toks22
)
\c@lstlisting=\count125
\AtBeginShipoutBox=\box31
Package hyperref Info: Link coloring OFF on input line 49.

(/home/local/Linux/rhel6/x86_64/stow/texlive2014-20140525/texlive/2014/texmf-di
st/tex/latex/hyperref/nameref.sty
Package: nameref 2012/10/27 v2.43 Cross-referencing by name of section

(/home/local/Linux/rhel6/x86_64/stow/texlive2014-20140525/texlive/2014/texmf-di
st/tex/generic/oberdiek/gettitlestring.sty
Package: gettitlestring 2010/12/03 v1.4 Cleanup title references (HO)
)
\c@section@level=\count126
)
LaTeX Info: Redefining \ref on input line 49.
LaTeX Info: Redefining \pageref on input line 49.
LaTeX Info: Redefining \nameref on input line 49.
 (./msselection.out)
(./msselection.out)
\@outlinefile=\write3
\openout3 = `msselection.out'.

LaTeX Font Info:    Font shape `OT1/phv/bx/n' in size <10.95> not available
(Font)              Font shape `OT1/phv/b/n' tried instead on input line 59.
LaTeX Font Info:    Try loading font information for OT1+pcr on input line 62.

(/home/local/Linux/rhel6/x86_64/stow/texlive2014-20140525/texlive/2014/texmf-di
st/tex/latex/psnfss/ot1pcr.fd
File: ot1pcr.fd 2001/06/04 font definitions for OT1/pcr.
) [1

{/home/local/Linux/rhel6/x86_64/stow/texlive2014-20140525/texlive/2014/texmf-va
r/fonts/map/pdftex/updmap/pdftex.map}]
LaTeX Font Info:    Font shape `OT1/phv/bx/n' in size <17.28> not available
(Font)              Font shape `OT1/phv/b/n' tried instead on input line 88.

(./msselection.toc
LaTeX Font Info:    Font shape `OT1/phv/bx/n' in size <12> not available
(Font)              Font shape `OT1/phv/b/n' tried instead on input line 1.
 [2])
\tf@toc=\write4
\openout4 = `msselection.toc'.

 [3]
LaTeX Font Info:    Font shape `OT1/phv/bx/n' in size <14.4> not available
(Font)              Font shape `OT1/phv/b/n' tried instead on input line 107.
LaTeX Font Info:    Try loading font information for OMS+phv on input line 116.


(/home/local/Linux/rhel6/x86_64/stow/texlive2014-20140525/texlive/2014/texmf-di
st/tex/latex/psnfss/omsphv.fd
File: omsphv.fd 
)
LaTeX Font Info:    Font shape `OMS/phv/m/n' in size <12> not available
(Font)              Font shape `OMS/cmsy/m/n' tried instead on input line 116.
 [4] [5]
<TIME-EXPR.png, id=301, 1033.8625pt x 637.38126pt>
File: TIME-EXPR.png Graphic file (type png)
 <use TIME-EXPR.png>
Package pdftex.def Info: TIME-EXPR.png used on input line 252.
(pdftex.def)             Requested size: 227.62204pt x 140.32156pt.

<TIME-RANGE.png, id=303, 552.0625pt x 130.4875pt>
File: TIME-RANGE.png Graphic file (type png)
 <use TIME-RANGE.png>
Package pdftex.def Info: TIME-RANGE.png used on input line 254.
(pdftex.def)             Requested size: 227.62204pt x 53.80286pt.


LaTeX Warning: `h' float specifier changed to `ht'.

[6] [7 <./TIME-EXPR.png> <./TIME-RANGE.png>]
<BASELINE-EXPR.png, id=319, 1324.95pt x 374.39874pt>
File: BASELINE-EXPR.png Graphic file (type png)
 <use BASELINE-EXPR.png>
Package pdftex.def Info: BASELINE-EXPR.png used on input line 365.
(pdftex.def)             Requested size: 227.62204pt x 64.31534pt.

<ANT-EXPR.png, id=320, 1649.16125pt x 341.275pt>
File: ANT-EXPR.png Graphic file (type png)
 <use ANT-EXPR.png>
Package pdftex.def Info: ANT-EXPR.png used on input line 367.
(pdftex.def)             Requested size: 227.62204pt x 47.1012pt.

<ANT-STATION-SPEC.png, id=321, 841.1425pt x 286.06876pt>
File: ANT-STATION-SPEC.png Graphic file (type png)

<use ANT-STATION-SPEC.png>
Package pdftex.def Info: ANT-STATION-SPEC.png used on input line 370.
(pdftex.def)             Requested size: 227.62204pt x 77.41418pt.


LaTeX Warning: `h' float specifier changed to `ht'.

[8]
LaTeX Font Info:    Font shape `OT1/phv/m/it' in size <12> not available
(Font)              Font shape `OT1/phv/m/sl' tried instead on input line 431.

Overfull \hbox (5.4179pt too wide) in paragraph at lines 424--436
\OT1/phv/m/n/12 A fully qual-i-fied an-tenna spec-i-fi-ca-tion can also in-clud
e the sta-tion name via the \OT1/pcr/m/n/12 ANT@STATION
 []

[9 <./BASELINE-EXPR.png> <./ANT-EXPR.png> <./ANT-STATION-SPEC.png>]

LaTeX Warning: `!h' float specifier changed to `!ht'.

[10] [11]
Overfull \hbox (5.52597pt too wide) in paragraph at lines 605--607
[]\OT1/phv/m/n/12 baseline=\OT1/pcr/m/n/12 VLA:N* & VLA:E* \OT1/phv/m/n/12 se-l
ects all base-lines be-tween an-ten-nas with names start-
 []

[12]
LaTeX Font Info:    Font shape `OT1/phv/bx/n' in size <10> not available
(Font)              Font shape `OT1/phv/b/n' tried instead on input line 673.
LaTeX Font Info:    Try loading font information for U+mvs on input line 673.

(/home/local/Linux/rhel6/x86_64/stow/texlive2014-20140525/texlive/2014/texmf-di
st/tex/latex/marvosym/umvs.fd) [13]
Overfull \hbox (11.11038pt too wide) in paragraph at lines 747--749
[]\OT1/phv/m/n/12 uvdist=$\OML/cmm/m/it/12 <$\OT1/pcr/m/n/12 100Klambda:5% \OT1
/phv/m/n/12 se-lects all base-lines for which $[]$ is less than 100+5 K$\OML/cm
m/m/it/12 ^^U$\OT1/phv/m/n/12 . 
 []

<SPW-EXPR.png, id=374, 968.61874pt x 284.06125pt>
File: SPW-EXPR.png Graphic file (type png)
 <use SPW-EXPR.png>
Package pdftex.def Info: SPW-EXPR.png used on input line 781.
(pdftex.def)             Requested size: 227.62204pt x 66.75006pt.

<SPWID.png, id=375, 755.82375pt x 361.35pt>
File: SPWID.png Graphic file (type png)
 <use SPWID.png>
Package pdftex.def Info: SPWID.png used on input line 783.
(pdftex.def)             Requested size: 227.62204pt x 108.81937pt.

<FREQ.png, id=376, 727.71875pt x 361.35pt>
File: FREQ.png Graphic file (type png)
 <use FREQ.png>
Package pdftex.def Info: FREQ.png used on input line 785.
(pdftex.def)             Requested size: 227.62204pt x 113.02635pt.

<RANGE.png, id=377, 757.83125pt x 130.4875pt>
File: RANGE.png Graphic file (type png)
 <use RANGE.png>
Package pdftex.def Info: RANGE.png used on input line 787.
(pdftex.def)             Requested size: 227.62204pt x 39.19234pt.
 [14] [15 <./SPW-EXPR.png> <./SPWID.png> <./FREQ.png> <./RANGE.png>] [16]
LaTeX Font Info:    Font shape `OT1/phv/m/it' in size <10> not available
(Font)              Font shape `OT1/phv/m/sl' tried instead on input line 868.

Overfull \hbox (8.17757pt too wide) in paragraph at lines 901--903
[]\OT1/phv/m/n/12 chanspec=\OT1/pcr/m/n/12 1421MHz \OT1/phv/m/n/12 se-lects a f
re-quency chan-nel cor-re-spond-ing to the fre-quency 1421.0
 []

[17]
Overfull \hbox (78.69472pt too wide) in paragraph at lines 923--925
[]\OT1/phv/m/n/12 freq=\OT1/pcr/m/n/12 LBAND:1421$\OMS/cmsy/m/n/12 ^^X$\OT1/pcr
/m/n/12 1500MHz^10KHz , 327MHz:300$\OMS/cmsy/m/n/12 ^^X$\OT1/pcr/m/n/12 400MHz,
 0$\OMS/cmsy/m/n/12 ^^X$\OT1/pcr/m/n/12 4:0$\OMS/cmsy/m/n/12 ^^X$\OT1/pcr/m/n/1
2 10^2 , 5:20;30;40 
 []


Overfull \hbox (8.82811pt too wide) in paragraph at lines 939--941
[]\OT1/phv/m/n/12 freq=\OT1/pcr/m/n/12 1421Mhz;1422Mhz;1423Mhz : 0;1;2;10$\OMS/
cmsy/m/n/12 ^^X$\OT1/pcr/m/n/12 20;30$\OMS/cmsy/m/n/12 ^^X$\OT1/pcr/m/n/12 100$
\OMS/cmsy/m/n/12 ^^X$\OT1/pcr/m/n/12 10 ,0$\OMS/cmsy/m/n/12 ^^X$\OT1/pcr/m/n/12
 3:10$\OMS/cmsy/m/n/12 ^^X$\OT1/pcr/m/n/12 30 
 []

[18] <FreqSettingExample.png, id=422, 589.20125pt x 219.82124pt>
File: FreqSettingExample.png Graphic file (type png)

<use FreqSettingExample.png>
Package pdftex.def Info: FreqSettingExample.png used on input line 983.
(pdftex.def)             Requested size: 284.52756pt x 106.15364pt.
 [19 <./FreqSettingExample.png>] [20]
Overfull \hbox (4.24625pt too wide) in paragraph at lines 1087--1097
\OT1/phv/m/n/12 strings like \OT1/pcr/m/n/12 "CALIBRATE[]BANDPASS.UNSPECIFIED,C
ALIBRATE[]AMPLI.UNSPECIFIED"\OT1/phv/m/n/12 .
 []


LaTeX Warning: `!h' float specifier changed to `!ht'.

[21] [22]
Overfull \hbox (20.30295pt too wide) in paragraph at lines 1227--1227
[] \OT1/pcr/m/n/12 select from MS where mscal.baseline('sel1') || mscal.baselin
e('sel2')[] 
 []

[23]
Overfull \hbox (68.40761pt too wide) in paragraph at lines 1237--1241
\OT1/phv/m/n/12 The \OT1/pcr/m/n/12 MSSelection \OT1/phv/m/n/12 sub-system re-p
orts er-rors via the C++ ex-cep-tion mech-a-nism. []\OT1/pcr/m/n/12 MSSelection
Error[][][][]
 []

<MSSError.png, id=479, 984.85588pt x 359.93294pt>
File: MSSError.png Graphic file (type png)
 <use MSSError.png>
Package pdftex.def Info: MSSError.png used on input line 1245.
(pdftex.def)             Requested size: 426.79134pt x 155.97641pt.
LaTeX Font Info:    Try loading font information for OMS+pcr on input line 1271
.

(/home/local/Linux/rhel6/x86_64/stow/texlive2014-20140525/texlive/2014/texmf-di
st/tex/latex/psnfss/omspcr.fd
File: omspcr.fd 
)
LaTeX Font Info:    Font shape `OMS/pcr/m/n' in size <12> not available
(Font)              Font shape `OMS/cmsy/m/n' tried instead on input line 1271.


Overfull \hbox (0.6696pt too wide) in paragraph at lines 1270--1277
\OT1/pcr/m/n/12 UvDist, Antenna, Scan, Subarray,Poln,State\OMS/cmsy/m/n/12 g\OT
1/pcr/m/n/12 ParseError \OT1/phv/m/n/12 ex-cep-tion. All other
 []


Overfull \hbox (65.57729pt too wide) in paragraph at lines 1278--1284
[]\OT1/phv/m/n/12 Hence, to catch all er-rors thrown from the \OT1/pcr/m/n/12 M
SSelection \OT1/phv/m/n/12 sub-system, catch the \OT1/pcr/m/n/12 MSSelectionErr
or
 []


Overfull \hbox (49.10294pt too wide) in paragraph at lines 1291--1291
[] \OT1/pcr/m/n/12 Spw Expression: No match found for "LBAN" (near char. 4 in s
tring "LBAN")[] 
 []

[24 <./MSSError.png>]
(/home/local/Linux/rhel6/x86_64/stow/texlive2014-20140525/texlive/2014/texmf-di
st/tex/latex/listings/lstlang1.sty
File: lstlang1.sty 2014/03/04 1.5c listings language file
)
(/home/local/Linux/rhel6/x86_64/stow/texlive2014-20140525/texlive/2014/texmf-di
st/tex/latex/listings/lstmisc.sty
File: lstmisc.sty 2014/03/04 1.5c (Carsten Heinz)
)
Overfull \hbox (191.68956pt too wide) in paragraph at lines 1308--1317
\OT1/pcr/m/n/12 MSSelectionLogError\OT1/phv/m/n/12 , a deriva-tive of the \OT1/
pcr/m/n/12 MSSelectionErrorHandler\OT1/phv/m/n/12 , us-ing the \OT1/pcr/m/n/12 
MSSelection::setErrorHandler()
 []

LaTeX Font Info:    Font shape `OT1/pcr/m/it' in size <10> not available
(Font)              Font shape `OT1/pcr/m/sl' tried instead on input line 1319.


Overfull \hbox (53.49414pt too wide) in paragraph at lines 1330--1335
\OT1/phv/m/n/12 At the ap-pro-pri-ate place in the client code, a call to \OT1/
pcr/m/n/12 MSSelectionErrorHandler::reportError()
 []

[25]
Overfull \hbox (29.98297pt too wide) in paragraph at lines 1343--1350
\OT1/phv/m/n/12 the equiv-a-lent tree of Ta-ble Ex-pres-sion Nodes (TEN), which
 is then used by the \OT1/pcr/m/n/12 MeasurementSet
 []

<MSSelectableTable.png, id=513, 443.53941pt x 162.96176pt>
File: MSSelectableTable.png Graphic file (type png)

<use MSSelectableTable.png>
Package pdftex.def Info: MSSelectableTable.png used on input line 1380.
(pdftex.def)             Requested size: 227.62204pt x 83.63158pt.
 [26 <./MSSelectableTable.png>] [27] [28]
Overfull \hbox (5.90295pt too wide) in paragraph at lines 1502--1502
[]\OT1/pcr/m/n/12 -------------------------------------------------------------
-------[] 
 []


Overfull \hbox (5.90295pt too wide) in paragraph at lines 1502--1502
[]\OT1/pcr/m/n/12 -------------------------------------------------------------
-------[] 
 []


Overfull \hbox (5.90295pt too wide) in paragraph at lines 1535--1535
[]\OT1/pcr/m/n/12 -------------------------------------------------------------
-------[] 
 []

[29]
Overfull \hbox (5.90295pt too wide) in paragraph at lines 1535--1535
[]\OT1/pcr/m/n/12 -------------------------------------------------------------
-------[] 
 []


Overfull \hbox (5.90295pt too wide) in paragraph at lines 1568--1568
[]       \OT1/pcr/m/n/12 Baselines: All baselines between antennas *named* "1" 
to "10"[] 
 []

[30]
Overfull \hbox (5.90295pt too wide) in paragraph at lines 1599--1599
[]       \OT1/pcr/m/n/12 Baselines: All baselines between antennas *named* "1" 
to "10"[] 
 []

[31] [32]
Overfull \hbox (20.30295pt too wide) in paragraph at lines 1715--1715
[]       \OT1/pcr/m/n/12 Baselines: Baselines between antennas "1" to "3" and "
4" to "6"[] 
 []

[33]
Overfull \hbox (20.30295pt too wide) in paragraph at lines 1741--1741
[]       \OT1/pcr/m/n/12 Baselines: Baselines between antennas "1" to "3" and "
4" to "6"[] 
 []

[34]
Overfull \hbox (5.90295pt too wide) in paragraph at lines 1741--1741
[]\OT1/pcr/m/n/12 (Did you know we use "~" as the range operator (for a good re
ason)?)[] 
 []

Package atveryend Info: Empty hook `BeforeClearDocument' on input line 2265.
[35]
Package atveryend Info: Empty hook `AfterLastShipout' on input line 2265.
 (./msselection.aux)
Package atveryend Info: Executing hook `AtVeryEndDocument' on input line 2265.
Package atveryend Info: Executing hook `AtEndAfterFileList' on input line 2265.

Package rerunfilecheck Info: File `msselection.out' has not changed.
(rerunfilecheck)             Checksum: 85AE54DB42EFAAAFC21AFA98E68AE360;3394.
Package atveryend Info: Empty hook `AtVeryVeryEnd' on input line 2265.
 ) 
Here is how much of TeX's memory you used:
 8793 strings out of 493117
 130407 string characters out of 6115008
 250241 words of memory out of 5000000
 11955 multiletter control sequences out of 15000+600000
 40017 words of font info for 80 fonts, out of 8000000 for 9000
 1141 hyphenation exceptions out of 8191
 29i,12n,51p,406b,1768s stack positions out of 5000i,500n,10000p,200000b,80000s
{/home/local/Linux/rhel6/x86_64/stow/texlive2014-20140525/texlive/2014/texmf-
dist/fonts/enc/dvips/base/8r.enc}</home/local/Linux/rhel6/x86_64/stow/texlive20
14-20140525/texlive/2014/texmf-dist/fonts/type1/public/amsfonts/cm/cmmi10.pfb><
/home/local/Linux/rhel6/x86_64/stow/texlive2014-20140525/texlive/2014/texmf-dis
t/fonts/type1/public/amsfonts/cm/cmmi12.pfb></home/local/Linux/rhel6/x86_64/sto
w/texlive2014-20140525/texlive/2014/texmf-dist/fonts/type1/public/amsfonts/cm/c
mr12.pfb></home/local/Linux/rhel6/x86_64/stow/texlive2014-20140525/texlive/2014
/texmf-dist/fonts/type1/public/amsfonts/cm/cmr8.pfb></home/local/Linux/rhel6/x8
6_64/stow/texlive2014-20140525/texlive/2014/texmf-dist/fonts/type1/public/amsfo
nts/cm/cmsy10.pfb></home/local/Linux/rhel6/x86_64/stow/texlive2014-20140525/tex
live/2014/texmf-dist/fonts/type1/public/marvosym/marvosym.pfb></home/local/Linu
x/rhel6/x86_64/stow/texlive2014-20140525/texlive/2014/texmf-dist/fonts/type1/ur
w/courier/ucrr8a.pfb></home/local/Linux/rhel6/x86_64/stow/texlive2014-20140525/
texlive/2014/texmf-dist/fonts/type1/urw/courier/ucrro8a.pfb></home/local/Linux/
rhel6/x86_64/stow/texlive2014-20140525/texlive/2014/texmf-dist/fonts/type1/urw/
helvetic/uhvb8a.pfb></home/local/Linux/rhel6/x86_64/stow/texlive2014-20140525/t
exlive/2014/texmf-dist/fonts/type1/urw/helvetic/uhvr8a.pfb></home/local/Linux/r
hel6/x86_64/stow/texlive2014-20140525/texlive/2014/texmf-dist/fonts/type1/urw/h
elvetic/uhvro8a.pfb>
Output written on msselection.pdf (35 pages, 347530 bytes).
PDF statistics:
 669 PDF objects out of 1000 (max. 8388607)
 594 compressed objects within 6 object streams
 165 named destinations out of 1000 (max. 500000)
 461 words of extra memory for PDF output out of 10000 (max. 10000000)

